2020-01-15 15:25:24 INFO  Browser:64 - The application has been invoked successfully in Google Chrome with URL:https://new-public-web-qa.nonprod.digitalplatform.oldmutual.co.za/medical-gap/intro
2020-01-15 15:25:25 INFO  Browser:120 - Chrome browser is opened successfully
2020-01-15 15:25:28 INFO  Wait:37 - element By.xpath: //span[contains(@class,'om-button-text') and text()='Continue'] is visible after waiting.
2020-01-15 15:25:28 INFO  Wait:55 - element By.xpath: //span[contains(@class,'om-button-text') and text()='Continue'] is clickable after waiting.
2020-01-15 15:25:28 INFO  Verify:43 - Element By.xpath: //span[contains(@class,'om-button-text') and text()='Continue']  visibility is :true
2020-01-15 15:25:29 INFO  Verify:43 - Element By.xpath: //span[contains(@class,'om-button-text') and text()='Continue']  visibility is :true
2020-01-15 15:25:29 INFO  Elements:180 - The element By.xpath: //span[contains(@class,'om-button-text') and text()='Continue'] has been clicked successfully
2020-01-15 15:25:29 INFO  Reporting:100 - Pass, Click on CONTINUE button, CLicked on Continue button
2020-01-15 15:25:29 INFO  Wait:37 - element By.xpath: //input[contains(@placeholder, 'First Name(s)')] is visible after waiting.
2020-01-15 15:25:29 INFO  Wait:55 - element By.xpath: //input[contains(@placeholder, 'First Name(s)')] is clickable after waiting.
2020-01-15 15:25:29 INFO  Wait:37 - element By.xpath: //input[contains(@placeholder, 'First Name(s)')] is visible after waiting.
2020-01-15 15:25:29 INFO  Verify:43 - Element By.xpath: //input[contains(@placeholder, 'First Name(s)')]  visibility is :true
2020-01-15 15:25:29 INFO  Elements:103 - The text Ravneet has been input successfully.
2020-01-15 15:25:29 INFO  Wait:37 - element By.xpath: //input[contains(@placeholder, 'Surname')] is visible after waiting.
2020-01-15 15:25:29 INFO  Wait:55 - element By.xpath: //input[contains(@placeholder, 'Surname')] is clickable after waiting.
2020-01-15 15:25:29 INFO  Wait:37 - element By.xpath: //input[contains(@placeholder, 'Surname')] is visible after waiting.
2020-01-15 15:25:29 INFO  Verify:43 - Element By.xpath: //input[contains(@placeholder, 'Surname')]  visibility is :true
2020-01-15 15:25:29 INFO  Elements:103 - The text kaur has been input successfully.
2020-01-15 15:25:29 INFO  Wait:37 - element By.xpath: //input[contains(@placeholder, 'Contact number')] is visible after waiting.
2020-01-15 15:25:29 INFO  Wait:55 - element By.xpath: //input[contains(@placeholder, 'Contact number')] is clickable after waiting.
2020-01-15 15:25:29 INFO  Wait:37 - element By.xpath: //input[contains(@placeholder, 'Contact number')] is visible after waiting.
2020-01-15 15:25:29 INFO  Verify:43 - Element By.xpath: //input[contains(@placeholder, 'Contact number')]  visibility is :true
2020-01-15 15:25:30 INFO  Elements:103 - The text 0645002939 has been input successfully.
2020-01-15 15:25:30 INFO  Wait:37 - element By.xpath: //input[contains(@placeholder, 'Email Address')] is visible after waiting.
2020-01-15 15:25:30 INFO  Wait:55 - element By.xpath: //input[contains(@placeholder, 'Email Address')] is clickable after waiting.
2020-01-15 15:25:30 INFO  Wait:37 - element By.xpath: //input[contains(@placeholder, 'Email Address')] is visible after waiting.
2020-01-15 15:25:30 INFO  Verify:43 - Element By.xpath: //input[contains(@placeholder, 'Email Address')]  visibility is :true
2020-01-15 15:25:30 INFO  Elements:103 - The text rkaur@oldmutual.com has been input successfully.
2020-01-15 15:25:30 INFO  Reporting:100 - Pass, Enter/Fill the details in Decision page., Succesfully entered the details in decision page.
2020-01-15 15:25:30 INFO  Wait:37 - element By.xpath: //span[contains(@class,'om-button-text') and text()='Continue'] is visible after waiting.
2020-01-15 15:25:30 INFO  Wait:55 - element By.xpath: //span[contains(@class,'om-button-text') and text()='Continue'] is clickable after waiting.
2020-01-15 15:25:30 INFO  Verify:43 - Element By.xpath: //span[contains(@class,'om-button-text') and text()='Continue']  visibility is :true
2020-01-15 15:25:30 INFO  Verify:43 - Element By.xpath: //span[contains(@class,'om-button-text') and text()='Continue']  visibility is :true
2020-01-15 15:25:30 INFO  Elements:180 - The element By.xpath: //span[contains(@class,'om-button-text') and text()='Continue'] has been clicked successfully
2020-01-15 15:25:30 INFO  Reporting:100 - Pass, Click on CONTINUE button, Clicked on Continue button
2020-01-15 15:25:31 INFO  Wait:37 - element By.xpath: //span[contains(@class,'om-button-text') and text()='Continue'] is visible after waiting.
2020-01-15 15:25:31 INFO  Wait:55 - element By.xpath: //span[contains(@class,'om-button-text') and text()='Continue'] is clickable after waiting.
2020-01-15 15:25:31 INFO  Verify:43 - Element By.xpath: //span[contains(@class,'om-button-text') and text()='Continue']  visibility is :true
2020-01-15 15:25:31 INFO  Verify:43 - Element By.xpath: //span[contains(@class,'om-button-text') and text()='Continue']  visibility is :true
2020-01-15 15:25:31 INFO  Elements:180 - The element By.xpath: //span[contains(@class,'om-button-text') and text()='Continue'] has been clicked successfully
2020-01-15 15:25:31 INFO  Reporting:100 - Pass, Click on CONTINUE button, CLicked on Continue button
2020-01-15 15:25:32 INFO  Wait:37 - element By.xpath: //om-dropdown-field[@label='Title'] is visible after waiting.
2020-01-15 15:25:32 INFO  Wait:55 - element By.xpath: //om-dropdown-field[@label='Title'] is clickable after waiting.
2020-01-15 15:25:32 INFO  Verify:43 - Element By.xpath: //om-dropdown-field[@label='Title']  visibility is :true
2020-01-15 15:25:32 INFO  Verify:43 - Element By.xpath: //om-dropdown-field[@label='Title']  visibility is :true
2020-01-15 15:25:32 INFO  Elements:180 - The element By.xpath: //om-dropdown-field[@label='Title'] has been clicked successfully
2020-01-15 15:25:32 INFO  Wait:37 - element By.xpath: //ul[@class='dropdown-options-list']//li[text()='Prof'] is visible after waiting.
2020-01-15 15:25:32 INFO  Wait:55 - element By.xpath: //ul[@class='dropdown-options-list']//li[text()='Prof'] is clickable after waiting.
2020-01-15 15:25:32 INFO  Verify:43 - Element By.xpath: //ul[@class='dropdown-options-list']//li[text()='Prof']  visibility is :true
2020-01-15 15:25:32 INFO  Verify:43 - Element By.xpath: //ul[@class='dropdown-options-list']//li[text()='Prof']  visibility is :true
2020-01-15 15:25:32 INFO  Elements:180 - The element By.xpath: //ul[@class='dropdown-options-list']//li[text()='Prof'] has been clicked successfully
2020-01-15 15:25:32 INFO  Wait:37 - element By.xpath: //input[contains(@placeholder, 'Initials')] is visible after waiting.
2020-01-15 15:25:32 INFO  Wait:55 - element By.xpath: //input[contains(@placeholder, 'Initials')] is clickable after waiting.
2020-01-15 15:25:32 INFO  Wait:37 - element By.xpath: //input[contains(@placeholder, 'Initials')] is visible after waiting.
2020-01-15 15:25:32 INFO  Verify:43 - Element By.xpath: //input[contains(@placeholder, 'Initials')]  visibility is :true
2020-01-15 15:25:32 INFO  Elements:103 - The text RK has been input successfully.
2020-01-15 15:25:32 INFO  Wait:37 - element By.xpath: //input[contains(@placeholder, 'RSA ID Number')] is visible after waiting.
2020-01-15 15:25:32 INFO  Wait:55 - element By.xpath: //input[contains(@placeholder, 'RSA ID Number')] is clickable after waiting.
2020-01-15 15:25:32 INFO  Verify:43 - Element By.xpath: //input[contains(@placeholder, 'RSA ID Number')]  visibility is :true
2020-01-15 15:25:32 INFO  Wait:37 - element By.xpath: //input[contains(@placeholder, 'RSA ID Number')] is visible after waiting.
2020-01-15 15:25:32 INFO  Wait:55 - element By.xpath: //input[contains(@placeholder, 'RSA ID Number')] is clickable after waiting.
2020-01-15 15:25:32 INFO  Wait:37 - element By.xpath: //input[contains(@placeholder, 'RSA ID Number')] is visible after waiting.
2020-01-15 15:25:32 INFO  Verify:43 - Element By.xpath: //input[contains(@placeholder, 'RSA ID Number')]  visibility is :true
2020-01-15 15:25:33 INFO  Elements:103 - The text 9101114800086 has been input successfully.
2020-01-15 15:25:33 INFO  Wait:37 - element By.xpath: //input[contains(@placeholder, 'dd/mm/yyyy')] is visible after waiting.
2020-01-15 15:25:33 INFO  Wait:55 - element By.xpath: //input[contains(@placeholder, 'dd/mm/yyyy')] is clickable after waiting.
2020-01-15 15:25:33 INFO  Wait:37 - element By.xpath: //input[contains(@placeholder, 'dd/mm/yyyy')] is visible after waiting.
2020-01-15 15:25:33 INFO  Verify:43 - Element By.xpath: //input[contains(@placeholder, 'dd/mm/yyyy')]  visibility is :true
2020-01-15 15:25:33 INFO  Elements:103 - The text 11/01/1991 has been input successfully.
2020-01-15 15:25:33 INFO  Reporting:100 - Pass, Enter/Fill the details in get To know better page., Succesfully entered the details in get To know better page.
2020-01-15 15:25:33 INFO  Wait:37 - element By.xpath: //span[contains(@class,'om-button-text') and text()='Continue'] is visible after waiting.
2020-01-15 15:25:33 INFO  Wait:55 - element By.xpath: //span[contains(@class,'om-button-text') and text()='Continue'] is clickable after waiting.
2020-01-15 15:25:33 INFO  Verify:43 - Element By.xpath: //span[contains(@class,'om-button-text') and text()='Continue']  visibility is :true
2020-01-15 15:25:33 INFO  Verify:43 - Element By.xpath: //span[contains(@class,'om-button-text') and text()='Continue']  visibility is :true
2020-01-15 15:25:33 INFO  Elements:180 - The element By.xpath: //span[contains(@class,'om-button-text') and text()='Continue'] has been clicked successfully
2020-01-15 15:25:33 INFO  Reporting:100 - Pass, Click on CONTINUE button, Clicked on Continue button
2020-01-15 15:25:34 INFO  Wait:37 - element By.xpath: //span[contains(@class,'om-button-text') and text()='Continue'] is visible after waiting.
2020-01-15 15:25:34 INFO  Wait:55 - element By.xpath: //span[contains(@class,'om-button-text') and text()='Continue'] is clickable after waiting.
2020-01-15 15:25:34 INFO  Verify:43 - Element By.xpath: //span[contains(@class,'om-button-text') and text()='Continue']  visibility is :true
2020-01-15 15:25:34 INFO  Verify:43 - Element By.xpath: //span[contains(@class,'om-button-text') and text()='Continue']  visibility is :true
2020-01-15 15:25:34 INFO  Elements:180 - The element By.xpath: //span[contains(@class,'om-button-text') and text()='Continue'] has been clicked successfully
2020-01-15 15:25:34 INFO  Wait:37 - element By.xpath: //input[contains(@placeholder, 'Apartment/Suite Name and Number')] is visible after waiting.
2020-01-15 15:25:34 INFO  Wait:55 - element By.xpath: //input[contains(@placeholder, 'Apartment/Suite Name and Number')] is clickable after waiting.
2020-01-15 15:25:34 INFO  Wait:37 - element By.xpath: //input[contains(@placeholder, 'Apartment/Suite Name and Number')] is visible after waiting.
2020-01-15 15:25:34 INFO  Verify:43 - Element By.xpath: //input[contains(@placeholder, 'Apartment/Suite Name and Number')]  visibility is :true
2020-01-15 15:25:34 INFO  Elements:103 - The text 101 has been input successfully.
2020-01-15 15:25:34 INFO  Wait:37 - element By.xpath: //input[contains(@placeholder, 'Street Name')] is visible after waiting.
2020-01-15 15:25:34 INFO  Wait:55 - element By.xpath: //input[contains(@placeholder, 'Street Name')] is clickable after waiting.
2020-01-15 15:25:34 INFO  Wait:37 - element By.xpath: //input[contains(@placeholder, 'Street Name')] is visible after waiting.
2020-01-15 15:25:34 INFO  Verify:43 - Element By.xpath: //input[contains(@placeholder, 'Street Name')]  visibility is :true
2020-01-15 15:25:34 INFO  Elements:103 - The text water stone has been input successfully.
2020-01-15 15:25:34 INFO  Wait:37 - element By.xpath: //input[contains(@placeholder, 'Suburb')] is visible after waiting.
2020-01-15 15:25:34 INFO  Wait:55 - element By.xpath: //input[contains(@placeholder, 'Suburb')] is clickable after waiting.
2020-01-15 15:25:35 INFO  Wait:37 - element By.xpath: //input[contains(@placeholder, 'Suburb')] is visible after waiting.
2020-01-15 15:25:35 INFO  Verify:43 - Element By.xpath: //input[contains(@placeholder, 'Suburb')]  visibility is :true
2020-01-15 15:25:35 INFO  Elements:103 - The text milnerton has been input successfully.
2020-01-15 15:25:35 INFO  Wait:37 - element By.xpath: //input[contains(@placeholder, 'City')] is visible after waiting.
2020-01-15 15:25:35 INFO  Wait:55 - element By.xpath: //input[contains(@placeholder, 'City')] is clickable after waiting.
2020-01-15 15:25:35 INFO  Wait:37 - element By.xpath: //input[contains(@placeholder, 'City')] is visible after waiting.
2020-01-15 15:25:35 INFO  Verify:43 - Element By.xpath: //input[contains(@placeholder, 'City')]  visibility is :true
2020-01-15 15:25:35 INFO  Elements:103 - The text cape town has been input successfully.
2020-01-15 15:25:35 INFO  Wait:37 - element By.xpath: //input[contains(@placeholder, 'Postal Code')] is visible after waiting.
2020-01-15 15:25:35 INFO  Wait:55 - element By.xpath: //input[contains(@placeholder, 'Postal Code')] is clickable after waiting.
2020-01-15 15:25:35 INFO  Verify:43 - Element By.xpath: //input[contains(@placeholder, 'Postal Code')]  visibility is :true
2020-01-15 15:25:35 INFO  Wait:37 - element By.xpath: //input[contains(@placeholder, 'Postal Code')] is visible after waiting.
2020-01-15 15:25:35 INFO  Wait:55 - element By.xpath: //input[contains(@placeholder, 'Postal Code')] is clickable after waiting.
2020-01-15 15:25:35 INFO  Wait:37 - element By.xpath: //input[contains(@placeholder, 'Postal Code')] is visible after waiting.
2020-01-15 15:25:35 INFO  Verify:43 - Element By.xpath: //input[contains(@placeholder, 'Postal Code')]  visibility is :true
2020-01-15 15:25:35 INFO  Elements:103 - The text 7441 has been input successfully.
2020-01-15 15:25:35 INFO  Reporting:100 - Pass, Enter/Fill the details in where do you live page, Succesfully entered the details in where do you live page
2020-01-15 15:25:35 INFO  Wait:37 - element By.xpath: //span[contains(@class,'om-button-text') and text()='Continue'] is visible after waiting.
2020-01-15 15:25:35 INFO  Wait:55 - element By.xpath: //span[contains(@class,'om-button-text') and text()='Continue'] is clickable after waiting.
2020-01-15 15:25:35 INFO  Verify:43 - Element By.xpath: //span[contains(@class,'om-button-text') and text()='Continue']  visibility is :true
2020-01-15 15:25:35 INFO  Verify:43 - Element By.xpath: //span[contains(@class,'om-button-text') and text()='Continue']  visibility is :true
2020-01-15 15:25:36 INFO  Elements:180 - The element By.xpath: //span[contains(@class,'om-button-text') and text()='Continue'] has been clicked successfully
2020-01-15 15:25:36 INFO  Reporting:100 - Pass, Click on CONTINUE button, Clicked on Continue button
2020-01-15 15:25:36 INFO  Wait:37 - element By.xpath: //span[contains(@class,'om-button-text') and text()='Continue'] is visible after waiting.
2020-01-15 15:25:36 INFO  Wait:55 - element By.xpath: //span[contains(@class,'om-button-text') and text()='Continue'] is clickable after waiting.
2020-01-15 15:25:36 INFO  Verify:43 - Element By.xpath: //span[contains(@class,'om-button-text') and text()='Continue']  visibility is :true
2020-01-15 15:25:36 INFO  Verify:43 - Element By.xpath: //span[contains(@class,'om-button-text') and text()='Continue']  visibility is :true
2020-01-15 15:25:36 INFO  Elements:180 - The element By.xpath: //span[contains(@class,'om-button-text') and text()='Continue'] has been clicked successfully
2020-01-15 15:25:36 INFO  Reporting:100 - Pass, Click on CONTINUE button, Clicked on Continue button
2020-01-15 15:25:36 INFO  Wait:37 - element By.xpath: //input[contains(@placeholder, 'Medical Aid Provider')] is visible after waiting.
2020-01-15 15:25:36 INFO  Wait:55 - element By.xpath: //input[contains(@placeholder, 'Medical Aid Provider')] is clickable after waiting.
2020-01-15 15:25:36 INFO  Wait:37 - element By.xpath: //input[contains(@placeholder, 'Medical Aid Provider')] is visible after waiting.
2020-01-15 15:25:36 INFO  Verify:43 - Element By.xpath: //input[contains(@placeholder, 'Medical Aid Provider')]  visibility is :true
2020-01-15 15:25:36 INFO  Elements:103 - The text Discovery has been input successfully.
2020-01-15 15:25:36 INFO  Wait:37 - element By.xpath: //input[contains(@placeholder, 'Medical Aid Number')] is visible after waiting.
2020-01-15 15:25:36 INFO  Wait:55 - element By.xpath: //input[contains(@placeholder, 'Medical Aid Number')] is clickable after waiting.
2020-01-15 15:25:36 INFO  Wait:37 - element By.xpath: //input[contains(@placeholder, 'Medical Aid Number')] is visible after waiting.
2020-01-15 15:25:36 INFO  Verify:43 - Element By.xpath: //input[contains(@placeholder, 'Medical Aid Number')]  visibility is :true
2020-01-15 15:25:36 INFO  Elements:103 - The text 0987565 has been input successfully.
2020-01-15 15:25:36 INFO  Wait:37 - element By.xpath: //input[contains(@placeholder, 'Medical Aid Plan')] is visible after waiting.
2020-01-15 15:25:36 INFO  Wait:55 - element By.xpath: //input[contains(@placeholder, 'Medical Aid Plan')] is clickable after waiting.
2020-01-15 15:25:36 INFO  Wait:37 - element By.xpath: //input[contains(@placeholder, 'Medical Aid Plan')] is visible after waiting.
2020-01-15 15:25:36 INFO  Verify:43 - Element By.xpath: //input[contains(@placeholder, 'Medical Aid Plan')]  visibility is :true
2020-01-15 15:25:37 INFO  Elements:103 - The text 06452939 has been input successfully.
2020-01-15 15:25:37 INFO  Wait:37 - element By.xpath: //input[contains(@placeholder, 'dd/mm/yyyy')] is visible after waiting.
2020-01-15 15:25:37 INFO  Wait:55 - element By.xpath: //input[contains(@placeholder, 'dd/mm/yyyy')] is clickable after waiting.
2020-01-15 15:25:37 INFO  Wait:37 - element By.xpath: //input[contains(@placeholder, 'dd/mm/yyyy')] is visible after waiting.
2020-01-15 15:25:37 INFO  Verify:43 - Element By.xpath: //input[contains(@placeholder, 'dd/mm/yyyy')]  visibility is :true
2020-01-15 15:25:37 INFO  Elements:103 - The text 11/12/1990 has been input successfully.
2020-01-15 15:25:37 INFO  Reporting:100 - Pass, Enter/Fill the details in medical cover page, Succesfully entered the details in where do you live page
2020-01-15 15:25:37 INFO  Wait:37 - element By.xpath: //span[contains(@class,'om-button-text') and text()='Continue'] is visible after waiting.
2020-01-15 15:25:37 INFO  Wait:55 - element By.xpath: //span[contains(@class,'om-button-text') and text()='Continue'] is clickable after waiting.
2020-01-15 15:25:37 INFO  Verify:43 - Element By.xpath: //span[contains(@class,'om-button-text') and text()='Continue']  visibility is :true
2020-01-15 15:25:37 INFO  Verify:43 - Element By.xpath: //span[contains(@class,'om-button-text') and text()='Continue']  visibility is :true
2020-01-15 15:25:37 INFO  Elements:180 - The element By.xpath: //span[contains(@class,'om-button-text') and text()='Continue'] has been clicked successfully
2020-01-15 15:25:37 INFO  Reporting:100 - Pass, Click on CONTINUE button, Clicked on Continue button
2020-01-15 15:25:37 INFO  Wait:37 - element By.xpath: //om-dropdown-field[@label='Debit Order Date'] is visible after waiting.
2020-01-15 15:25:37 INFO  Wait:55 - element By.xpath: //om-dropdown-field[@label='Debit Order Date'] is clickable after waiting.
2020-01-15 15:25:37 INFO  Verify:43 - Element By.xpath: //om-dropdown-field[@label='Debit Order Date']  visibility is :true
2020-01-15 15:25:37 INFO  Verify:43 - Element By.xpath: //om-dropdown-field[@label='Debit Order Date']  visibility is :true
2020-01-15 15:25:37 INFO  Elements:180 - The element By.xpath: //om-dropdown-field[@label='Debit Order Date'] has been clicked successfully
2020-01-15 15:25:37 INFO  Wait:37 - element By.xpath: //ul[@class='dropdown-options-list']//li['1'] is visible after waiting.
2020-01-15 15:25:37 INFO  Wait:55 - element By.xpath: //ul[@class='dropdown-options-list']//li['1'] is clickable after waiting.
2020-01-15 15:25:37 INFO  Verify:43 - Element By.xpath: //ul[@class='dropdown-options-list']//li['1']  visibility is :true
2020-01-15 15:25:37 INFO  Verify:43 - Element By.xpath: //ul[@class='dropdown-options-list']//li['1']  visibility is :true
2020-01-15 15:25:37 INFO  Elements:180 - The element By.xpath: //ul[@class='dropdown-options-list']//li['1'] has been clicked successfully
2020-01-15 15:25:37 INFO  Wait:37 - element By.xpath: //om-dropdown-field[@label='Bank Name'] is visible after waiting.
2020-01-15 15:25:38 INFO  Wait:55 - element By.xpath: //om-dropdown-field[@label='Bank Name'] is clickable after waiting.
2020-01-15 15:25:38 INFO  Verify:43 - Element By.xpath: //om-dropdown-field[@label='Bank Name']  visibility is :true
2020-01-15 15:25:38 INFO  Verify:43 - Element By.xpath: //om-dropdown-field[@label='Bank Name']  visibility is :true
2020-01-15 15:25:38 INFO  Elements:180 - The element By.xpath: //om-dropdown-field[@label='Bank Name'] has been clicked successfully
2020-01-15 15:25:38 INFO  Wait:37 - element By.xpath: //ul[@class='dropdown-options-list']//li['1'] is visible after waiting.
2020-01-15 15:25:38 INFO  Wait:55 - element By.xpath: //ul[@class='dropdown-options-list']//li['1'] is clickable after waiting.
2020-01-15 15:25:38 INFO  Verify:43 - Element By.xpath: //ul[@class='dropdown-options-list']//li['1']  visibility is :true
2020-01-15 15:25:38 INFO  Verify:43 - Element By.xpath: //ul[@class='dropdown-options-list']//li['1']  visibility is :true
2020-01-15 15:25:38 INFO  Elements:180 - The element By.xpath: //ul[@class='dropdown-options-list']//li['1'] has been clicked successfully
2020-01-15 15:25:38 INFO  Wait:37 - element By.xpath: //input[contains(@placeholder, 'Account Number')] is visible after waiting.
2020-01-15 15:25:38 INFO  Wait:55 - element By.xpath: //input[contains(@placeholder, 'Account Number')] is clickable after waiting.
2020-01-15 15:25:38 INFO  Verify:43 - Element By.xpath: //input[contains(@placeholder, 'Account Number')]  visibility is :true
2020-01-15 15:25:38 INFO  Wait:37 - element By.xpath: //input[contains(@placeholder, 'Account Number')] is visible after waiting.
2020-01-15 15:25:38 INFO  Wait:55 - element By.xpath: //input[contains(@placeholder, 'Account Number')] is clickable after waiting.
2020-01-15 15:25:38 INFO  Wait:37 - element By.xpath: //input[contains(@placeholder, 'Account Number')] is visible after waiting.
2020-01-15 15:25:38 INFO  Verify:43 - Element By.xpath: //input[contains(@placeholder, 'Account Number')]  visibility is :true
2020-01-15 15:25:38 INFO  Elements:103 - The text 0987877 has been input successfully.
2020-01-15 15:25:38 INFO  Wait:37 - element By.xpath: //om-dropdown-field[@label='Account Type'] is visible after waiting.
2020-01-15 15:25:38 INFO  Wait:55 - element By.xpath: //om-dropdown-field[@label='Account Type'] is clickable after waiting.
2020-01-15 15:25:38 INFO  Verify:43 - Element By.xpath: //om-dropdown-field[@label='Account Type']  visibility is :true
2020-01-15 15:25:38 INFO  Verify:43 - Element By.xpath: //om-dropdown-field[@label='Account Type']  visibility is :true
2020-01-15 15:25:38 INFO  Elements:180 - The element By.xpath: //om-dropdown-field[@label='Account Type'] has been clicked successfully
2020-01-15 15:25:38 INFO  Wait:37 - element By.xpath: //ul[@class='dropdown-options-list']//li['1'] is visible after waiting.
2020-01-15 15:25:38 INFO  Wait:55 - element By.xpath: //ul[@class='dropdown-options-list']//li['1'] is clickable after waiting.
2020-01-15 15:25:38 INFO  Verify:43 - Element By.xpath: //ul[@class='dropdown-options-list']//li['1']  visibility is :true
2020-01-15 15:25:38 INFO  Verify:43 - Element By.xpath: //ul[@class='dropdown-options-list']//li['1']  visibility is :true
2020-01-15 15:25:38 INFO  Elements:180 - The element By.xpath: //ul[@class='dropdown-options-list']//li['1'] has been clicked successfully
2020-01-15 15:25:38 INFO  Reporting:100 - Pass, Add details on payment page, Added details on payment button
2020-01-15 15:25:38 INFO  Wait:37 - element By.xpath: //span[contains(@class,'om-button-text') and text()='Continue'] is visible after waiting.
2020-01-15 15:25:38 INFO  Wait:55 - element By.xpath: //span[contains(@class,'om-button-text') and text()='Continue'] is clickable after waiting.
2020-01-15 15:25:38 INFO  Verify:43 - Element By.xpath: //span[contains(@class,'om-button-text') and text()='Continue']  visibility is :true
2020-01-15 15:25:38 INFO  Verify:43 - Element By.xpath: //span[contains(@class,'om-button-text') and text()='Continue']  visibility is :true
2020-01-15 15:25:38 INFO  Elements:180 - The element By.xpath: //span[contains(@class,'om-button-text') and text()='Continue'] has been clicked successfully
2020-01-15 15:25:38 INFO  Reporting:100 - Pass, Click on CONTINUE button, Clicked on Continue button
2020-01-15 15:25:39 INFO  Wait:37 - element By.xpath: //span[contains(@class,'om-button-text') and text()='Continue'] is visible after waiting.
2020-01-15 15:25:39 INFO  Wait:55 - element By.xpath: //span[contains(@class,'om-button-text') and text()='Continue'] is clickable after waiting.
2020-01-15 15:25:39 INFO  Verify:43 - Element By.xpath: //span[contains(@class,'om-button-text') and text()='Continue']  visibility is :true
2020-01-15 15:25:39 INFO  Verify:43 - Element By.xpath: //span[contains(@class,'om-button-text') and text()='Continue']  visibility is :true
2020-01-15 15:25:39 INFO  Elements:180 - The element By.xpath: //span[contains(@class,'om-button-text') and text()='Continue'] has been clicked successfully
2020-01-15 15:25:39 INFO  Reporting:100 - Pass, Click on CONTINUE button, Clicked on Continue button
2020-01-15 15:25:39 INFO  Wait:37 - element By.xpath: //*[@id='checkbox-1'] is visible after waiting.
2020-01-15 15:25:39 INFO  Wait:55 - element By.xpath: //*[@id='checkbox-1'] is clickable after waiting.
2020-01-15 15:25:39 INFO  Verify:43 - Element By.xpath: //*[@id='checkbox-1']  visibility is :true
2020-01-15 15:25:39 INFO  Verify:43 - Element By.xpath: //*[@id='checkbox-1']  visibility is :true
2020-01-15 15:25:39 INFO  Elements:180 - The element By.xpath: //*[@id='checkbox-1'] has been clicked successfully
2020-01-15 15:25:39 INFO  Reporting:100 - Pass, Click on Terms and conditions check box., Clicked on TandC checkbox
2020-01-15 15:25:39 INFO  Wait:37 - element By.xpath: //*[@id='checkbox-1'] is visible after waiting.
2020-01-15 15:25:39 INFO  Wait:55 - element By.xpath: //*[@id='checkbox-1'] is clickable after waiting.
2020-01-15 15:25:39 INFO  Verify:43 - Element By.xpath: //*[@id='checkbox-1']  visibility is :true
2020-01-15 15:25:39 INFO  Verify:43 - Element By.xpath: //*[@id='checkbox-1']  visibility is :true
2020-01-15 15:25:39 INFO  Elements:180 - The element By.xpath: //*[@id='checkbox-1'] has been clicked successfully
2020-01-15 15:25:39 INFO  Reporting:100 - Pass, Click on Terms and conditions check box., Clicked on TandC checkbox
2020-01-15 15:25:40 WARN  Browser:331 - The current browser could not be closed due to invalid session id
Build info: version: '3.4.0', revision: 'unknown', time: 'unknown'
System info: host: 'Ravneets-MacBook-Pro.local', ip: 'fe80:0:0:0:1ced:b522:8a9e:b035%en0', os.name: 'Mac OS X', os.arch: 'x86_64', os.version: '10.15', java.version: '1.8.0_222'
Driver info: org.openqa.selenium.chrome.ChromeDriver
Capabilities [{networkConnectionEnabled=false, chrome={chromedriverVersion=78.0.3904.105 (60e2d8774a8151efa6a00b1f358371b1e0e07ee2-refs/branch-heads/3904@{#877}), userDataDir=/var/folders/jm/343wqhm91bq0703d0xwzjqdh0000gn/T/.com.google.Chrome.q7a45d}, timeouts={implicit=0.0, pageLoad=300000.0, script=30000.0}, pageLoadStrategy=normal, unhandledPromptBehavior=dismiss and notify, strictFileInteractability=false, platform=ANY, proxy=Proxy(), goog:chromeOptions={debuggerAddress=localhost:65004}, acceptInsecureCerts=false, browserVersion=79.0.3945.117, browserName=chrome, javascriptEnabled=true, platformName=mac os x, setWindowRect=true}]
Session ID: 32a5246ace386c3cd9a4ccf7b4425ac6
2020-01-15 15:25:40 INFO  Browser:64 - The application has been invoked successfully in Google Chrome with URL:https://new-public-web-qa.nonprod.digitalplatform.oldmutual.co.za/medical-gap/intro
2020-01-15 15:25:40 INFO  Browser:120 - Chrome browser is opened successfully
2020-01-15 15:25:44 INFO  Wait:37 - element By.xpath: //span[contains(@class,'om-button-text') and text()='Continue'] is visible after waiting.
2020-01-15 15:25:44 INFO  Wait:55 - element By.xpath: //span[contains(@class,'om-button-text') and text()='Continue'] is clickable after waiting.
2020-01-15 15:25:44 INFO  Verify:43 - Element By.xpath: //span[contains(@class,'om-button-text') and text()='Continue']  visibility is :true
2020-01-15 15:25:44 INFO  Verify:43 - Element By.xpath: //span[contains(@class,'om-button-text') and text()='Continue']  visibility is :true
2020-01-15 15:25:44 INFO  Elements:180 - The element By.xpath: //span[contains(@class,'om-button-text') and text()='Continue'] has been clicked successfully
2020-01-15 15:25:44 INFO  Reporting:100 - Pass, Click on CONTINUE button, CLicked on Continue button
2020-01-15 15:25:44 INFO  Wait:37 - element By.xpath: //input[contains(@placeholder, 'First Name(s)')] is visible after waiting.
2020-01-15 15:25:44 INFO  Wait:55 - element By.xpath: //input[contains(@placeholder, 'First Name(s)')] is clickable after waiting.
2020-01-15 15:25:44 INFO  Wait:37 - element By.xpath: //input[contains(@placeholder, 'First Name(s)')] is visible after waiting.
2020-01-15 15:25:44 INFO  Verify:43 - Element By.xpath: //input[contains(@placeholder, 'First Name(s)')]  visibility is :true
2020-01-15 15:25:44 INFO  Elements:103 - The text Ravneet has been input successfully.
2020-01-15 15:25:44 INFO  Wait:37 - element By.xpath: //input[contains(@placeholder, 'Surname')] is visible after waiting.
2020-01-15 15:25:44 INFO  Wait:55 - element By.xpath: //input[contains(@placeholder, 'Surname')] is clickable after waiting.
2020-01-15 15:25:45 INFO  Wait:37 - element By.xpath: //input[contains(@placeholder, 'Surname')] is visible after waiting.
2020-01-15 15:25:45 INFO  Verify:43 - Element By.xpath: //input[contains(@placeholder, 'Surname')]  visibility is :true
2020-01-15 15:25:45 INFO  Elements:103 - The text kaur has been input successfully.
2020-01-15 15:25:45 INFO  Wait:37 - element By.xpath: //input[contains(@placeholder, 'Contact number')] is visible after waiting.
2020-01-15 15:25:45 INFO  Wait:55 - element By.xpath: //input[contains(@placeholder, 'Contact number')] is clickable after waiting.
2020-01-15 15:25:45 INFO  Wait:37 - element By.xpath: //input[contains(@placeholder, 'Contact number')] is visible after waiting.
2020-01-15 15:25:45 INFO  Verify:43 - Element By.xpath: //input[contains(@placeholder, 'Contact number')]  visibility is :true
2020-01-15 15:25:45 INFO  Elements:103 - The text 0645002939 has been input successfully.
2020-01-15 15:25:45 INFO  Wait:37 - element By.xpath: //input[contains(@placeholder, 'Email Address')] is visible after waiting.
2020-01-15 15:25:45 INFO  Wait:55 - element By.xpath: //input[contains(@placeholder, 'Email Address')] is clickable after waiting.
2020-01-15 15:25:45 INFO  Wait:37 - element By.xpath: //input[contains(@placeholder, 'Email Address')] is visible after waiting.
2020-01-15 15:25:45 INFO  Verify:43 - Element By.xpath: //input[contains(@placeholder, 'Email Address')]  visibility is :true
2020-01-15 15:25:46 INFO  Elements:103 - The text rkaur@oldmutual.com has been input successfully.
2020-01-15 15:25:46 INFO  Reporting:100 - Pass, Enter/Fill the details in Decision page., Succesfully entered the details in decision page.
2020-01-15 15:25:46 INFO  Wait:37 - element By.xpath: //span[contains(@class,'om-button-text') and text()='Continue'] is visible after waiting.
2020-01-15 15:25:46 INFO  Wait:55 - element By.xpath: //span[contains(@class,'om-button-text') and text()='Continue'] is clickable after waiting.
2020-01-15 15:25:46 INFO  Verify:43 - Element By.xpath: //span[contains(@class,'om-button-text') and text()='Continue']  visibility is :true
2020-01-15 15:25:46 INFO  Verify:43 - Element By.xpath: //span[contains(@class,'om-button-text') and text()='Continue']  visibility is :true
2020-01-15 15:25:46 INFO  Elements:180 - The element By.xpath: //span[contains(@class,'om-button-text') and text()='Continue'] has been clicked successfully
2020-01-15 15:25:46 INFO  Reporting:100 - Pass, Click on CONTINUE button, CLicked on Continue button
2020-01-15 15:25:46 INFO  Wait:37 - element By.xpath: //span[contains(@class,'om-button-text') and text()='Continue'] is visible after waiting.
2020-01-15 15:25:46 INFO  Wait:55 - element By.xpath: //span[contains(@class,'om-button-text') and text()='Continue'] is clickable after waiting.
2020-01-15 15:25:46 INFO  Verify:43 - Element By.xpath: //span[contains(@class,'om-button-text') and text()='Continue']  visibility is :true
2020-01-15 15:25:46 INFO  Verify:43 - Element By.xpath: //span[contains(@class,'om-button-text') and text()='Continue']  visibility is :true
2020-01-15 15:25:46 INFO  Elements:180 - The element By.xpath: //span[contains(@class,'om-button-text') and text()='Continue'] has been clicked successfully
2020-01-15 15:25:46 INFO  Reporting:100 - Pass, Click on CONTINUE button, CLicked on Continue button
2020-01-15 15:25:46 INFO  Wait:37 - element By.xpath: //om-dropdown-field[@label='Title'] is visible after waiting.
2020-01-15 15:25:46 INFO  Wait:55 - element By.xpath: //om-dropdown-field[@label='Title'] is clickable after waiting.
2020-01-15 15:25:46 INFO  Verify:43 - Element By.xpath: //om-dropdown-field[@label='Title']  visibility is :true
2020-01-15 15:25:46 INFO  Verify:43 - Element By.xpath: //om-dropdown-field[@label='Title']  visibility is :true
2020-01-15 15:25:46 INFO  Elements:180 - The element By.xpath: //om-dropdown-field[@label='Title'] has been clicked successfully
2020-01-15 15:25:46 INFO  Wait:37 - element By.xpath: //ul[@class='dropdown-options-list']//li[text()='Prof'] is visible after waiting.
2020-01-15 15:25:46 INFO  Wait:55 - element By.xpath: //ul[@class='dropdown-options-list']//li[text()='Prof'] is clickable after waiting.
2020-01-15 15:25:46 INFO  Verify:43 - Element By.xpath: //ul[@class='dropdown-options-list']//li[text()='Prof']  visibility is :true
2020-01-15 15:25:46 INFO  Verify:43 - Element By.xpath: //ul[@class='dropdown-options-list']//li[text()='Prof']  visibility is :true
2020-01-15 15:25:46 INFO  Elements:180 - The element By.xpath: //ul[@class='dropdown-options-list']//li[text()='Prof'] has been clicked successfully
2020-01-15 15:25:46 INFO  Wait:37 - element By.xpath: //input[contains(@placeholder, 'Initials')] is visible after waiting.
2020-01-15 15:25:46 INFO  Wait:55 - element By.xpath: //input[contains(@placeholder, 'Initials')] is clickable after waiting.
2020-01-15 15:25:46 INFO  Wait:37 - element By.xpath: //input[contains(@placeholder, 'Initials')] is visible after waiting.
2020-01-15 15:25:46 INFO  Verify:43 - Element By.xpath: //input[contains(@placeholder, 'Initials')]  visibility is :true
2020-01-15 15:25:47 INFO  Elements:103 - The text 234434 has been input successfully.
2020-01-15 15:25:47 INFO  Wait:37 - element By.xpath: //input[contains(@placeholder, 'RSA ID Number')] is visible after waiting.
2020-01-15 15:25:47 INFO  Wait:55 - element By.xpath: //input[contains(@placeholder, 'RSA ID Number')] is clickable after waiting.
2020-01-15 15:25:47 INFO  Verify:43 - Element By.xpath: //input[contains(@placeholder, 'RSA ID Number')]  visibility is :true
2020-01-15 15:25:47 INFO  Wait:37 - element By.xpath: //input[contains(@placeholder, 'RSA ID Number')] is visible after waiting.
2020-01-15 15:25:47 INFO  Wait:55 - element By.xpath: //input[contains(@placeholder, 'RSA ID Number')] is clickable after waiting.
2020-01-15 15:25:47 INFO  Wait:37 - element By.xpath: //input[contains(@placeholder, 'RSA ID Number')] is visible after waiting.
2020-01-15 15:25:47 INFO  Verify:43 - Element By.xpath: //input[contains(@placeholder, 'RSA ID Number')]  visibility is :true
2020-01-15 15:25:47 INFO  Elements:103 - The text fdggg has been input successfully.
2020-01-15 15:25:47 INFO  Wait:37 - element By.xpath: //input[contains(@placeholder, 'dd/mm/yyyy')] is visible after waiting.
2020-01-15 15:25:47 INFO  Wait:55 - element By.xpath: //input[contains(@placeholder, 'dd/mm/yyyy')] is clickable after waiting.
2020-01-15 15:25:47 INFO  Wait:37 - element By.xpath: //input[contains(@placeholder, 'dd/mm/yyyy')] is visible after waiting.
2020-01-15 15:25:47 INFO  Verify:43 - Element By.xpath: //input[contains(@placeholder, 'dd/mm/yyyy')]  visibility is :true
2020-01-15 15:25:47 INFO  Elements:103 - The text sdfdfgd has been input successfully.
2020-01-15 15:25:47 INFO  Reporting:100 - Pass, Enter/Fill the details in get To know better page., Succesfully entered the details in get To know better page.
2020-01-15 15:25:47 INFO  Wait:37 - element By.xpath: //span[@class='validation-error-text'] is visible after waiting.
2020-01-15 15:25:47 INFO  Wait:55 - element By.xpath: //span[@class='validation-error-text'] is clickable after waiting.
2020-01-15 15:25:47 INFO  Verify:43 - Element By.xpath: //span[@class='validation-error-text']  visibility is :true
2020-01-15 15:25:47 INFO  Elements:56 - The Elements with locator By.xpath: //span[@class='validation-error-text'] is visible and can be used
2020-01-15 15:25:47 INFO  Reporting:100 - Pass, Getting validation: , Got validationPlease enter a valid Initials.
2020-01-15 15:25:47 INFO  Reporting:100 - Pass, Comparing stored Validations with the actual ones: , Validation Please enter a valid Initials. MATCHES WITH Please enter a valid Initials.
2020-01-15 15:25:47 INFO  Reporting:100 - Pass, Getting validation: , Got validationPlease enter a valid South African ID Number.
2020-01-15 15:25:47 INFO  Reporting:100 - Pass, Comparing stored Validations with the actual ones: , Validation Please enter a valid South African ID Number. MATCHES WITH Please enter a valid South African ID Number.
2020-01-15 15:25:47 INFO  Reporting:100 - Pass, Getting validation: , Got validationPlease enter a date in the dd/mm/yyyy format.
2020-01-15 15:25:47 INFO  Reporting:100 - Pass, Comparing stored Validations with the actual ones: , Validation Please enter a date in the dd/mm/yyyy format. MATCHES WITH Please enter a date in the dd/mm/yyyy format.
2020-01-15 15:25:47 INFO  Reporting:100 - Pass, Get all validations on great decision step., All validations successfully matched on GreatDEcision Step
2020-01-15 15:25:48 WARN  Browser:331 - The current browser could not be closed due to invalid session id
Build info: version: '3.4.0', revision: 'unknown', time: 'unknown'
System info: host: 'Ravneets-MacBook-Pro.local', ip: 'fe80:0:0:0:1ced:b522:8a9e:b035%en0', os.name: 'Mac OS X', os.arch: 'x86_64', os.version: '10.15', java.version: '1.8.0_222'
Driver info: org.openqa.selenium.chrome.ChromeDriver
Capabilities [{networkConnectionEnabled=false, chrome={chromedriverVersion=78.0.3904.105 (60e2d8774a8151efa6a00b1f358371b1e0e07ee2-refs/branch-heads/3904@{#877}), userDataDir=/var/folders/jm/343wqhm91bq0703d0xwzjqdh0000gn/T/.com.google.Chrome.TVENKa}, timeouts={implicit=0.0, pageLoad=300000.0, script=30000.0}, pageLoadStrategy=normal, unhandledPromptBehavior=dismiss and notify, strictFileInteractability=false, platform=ANY, proxy=Proxy(), goog:chromeOptions={debuggerAddress=localhost:65090}, acceptInsecureCerts=false, browserVersion=79.0.3945.117, browserName=chrome, javascriptEnabled=true, platformName=mac os x, setWindowRect=true}]
Session ID: fab678c8f8c035636a0527cae433e17d
2020-01-15 15:25:48 INFO  Browser:64 - The application has been invoked successfully in Google Chrome with URL:https://new-public-web-qa.nonprod.digitalplatform.oldmutual.co.za/medical-gap/intro
2020-01-15 15:25:48 INFO  Browser:120 - Chrome browser is opened successfully
2020-01-15 15:25:51 INFO  Wait:37 - element By.xpath: //span[contains(@class,'om-button-text') and text()='Continue'] is visible after waiting.
2020-01-15 15:25:51 INFO  Wait:55 - element By.xpath: //span[contains(@class,'om-button-text') and text()='Continue'] is clickable after waiting.
2020-01-15 15:25:51 INFO  Verify:43 - Element By.xpath: //span[contains(@class,'om-button-text') and text()='Continue']  visibility is :true
2020-01-15 15:25:51 INFO  Verify:43 - Element By.xpath: //span[contains(@class,'om-button-text') and text()='Continue']  visibility is :true
2020-01-15 15:25:51 INFO  Elements:180 - The element By.xpath: //span[contains(@class,'om-button-text') and text()='Continue'] has been clicked successfully
2020-01-15 15:25:51 INFO  Reporting:100 - Pass, Click on CONTINUE button, CLicked on Continue button
2020-01-15 15:25:51 INFO  Wait:37 - element By.xpath: //input[contains(@placeholder, 'First Name(s)')] is visible after waiting.
2020-01-15 15:25:51 INFO  Wait:55 - element By.xpath: //input[contains(@placeholder, 'First Name(s)')] is clickable after waiting.
2020-01-15 15:25:51 INFO  Wait:37 - element By.xpath: //input[contains(@placeholder, 'First Name(s)')] is visible after waiting.
2020-01-15 15:25:51 INFO  Verify:43 - Element By.xpath: //input[contains(@placeholder, 'First Name(s)')]  visibility is :true
2020-01-15 15:25:52 INFO  Elements:103 - The text 978767 has been input successfully.
2020-01-15 15:25:52 INFO  Wait:37 - element By.xpath: //input[contains(@placeholder, 'Surname')] is visible after waiting.
2020-01-15 15:25:52 INFO  Wait:55 - element By.xpath: //input[contains(@placeholder, 'Surname')] is clickable after waiting.
2020-01-15 15:25:52 INFO  Wait:37 - element By.xpath: //input[contains(@placeholder, 'Surname')] is visible after waiting.
2020-01-15 15:25:52 INFO  Verify:43 - Element By.xpath: //input[contains(@placeholder, 'Surname')]  visibility is :true
2020-01-15 15:25:52 INFO  Elements:103 - The text 23432434 has been input successfully.
2020-01-15 15:25:52 INFO  Wait:37 - element By.xpath: //input[contains(@placeholder, 'Contact number')] is visible after waiting.
2020-01-15 15:25:52 INFO  Wait:55 - element By.xpath: //input[contains(@placeholder, 'Contact number')] is clickable after waiting.
2020-01-15 15:25:52 INFO  Wait:37 - element By.xpath: //input[contains(@placeholder, 'Contact number')] is visible after waiting.
2020-01-15 15:25:52 INFO  Verify:43 - Element By.xpath: //input[contains(@placeholder, 'Contact number')]  visibility is :true
2020-01-15 15:25:52 INFO  Elements:103 - The text hsbd has been input successfully.
2020-01-15 15:25:52 INFO  Wait:37 - element By.xpath: //input[contains(@placeholder, 'Email Address')] is visible after waiting.
2020-01-15 15:25:52 INFO  Wait:55 - element By.xpath: //input[contains(@placeholder, 'Email Address')] is clickable after waiting.
2020-01-15 15:25:52 INFO  Wait:37 - element By.xpath: //input[contains(@placeholder, 'Email Address')] is visible after waiting.
2020-01-15 15:25:52 INFO  Verify:43 - Element By.xpath: //input[contains(@placeholder, 'Email Address')]  visibility is :true
2020-01-15 15:25:52 INFO  Elements:103 - The text rkaur445555 has been input successfully.
2020-01-15 15:25:52 INFO  Reporting:100 - Pass, Enter invalid details on great decision step., Unable to add details  on great decision step due to
2020-01-15 15:25:52 INFO  Wait:37 - element By.xpath: //span[@class='validation-error-text'] is visible after waiting.
2020-01-15 15:25:52 INFO  Wait:55 - element By.xpath: //span[@class='validation-error-text'] is clickable after waiting.
2020-01-15 15:25:52 INFO  Verify:43 - Element By.xpath: //span[@class='validation-error-text']  visibility is :true
2020-01-15 15:25:52 INFO  Elements:56 - The Elements with locator By.xpath: //span[@class='validation-error-text'] is visible and can be used
2020-01-15 15:25:52 INFO  Reporting:100 - Pass, Getting validation: , Got validationPlease enter a valid First Name(s).
2020-01-15 15:25:52 INFO  Reporting:100 - Pass, Comparing stored Validations with the actual ones: , Validation Please enter a valid First Name(s). MATCHES WITH Please enter a valid First Name(s).
2020-01-15 15:25:52 INFO  Reporting:100 - Pass, Getting validation: , Got validationPlease enter a valid Surname.
2020-01-15 15:25:53 INFO  Reporting:100 - Pass, Comparing stored Validations with the actual ones: , Validation Please enter a valid Surname. MATCHES WITH Please enter a valid Surname.
2020-01-15 15:25:53 INFO  Reporting:100 - Pass, Getting validation: , Got validationPlease enter a valid 10 digit Contact number.
2020-01-15 15:25:53 INFO  Reporting:100 - Pass, Comparing stored Validations with the actual ones: , Validation Please enter a valid 10 digit Contact number. MATCHES WITH Please enter a valid 10 digit Contact number.
2020-01-15 15:25:53 INFO  Reporting:100 - Pass, Getting validation: , Got validationPlease enter a valid email address.
2020-01-15 15:25:53 INFO  Reporting:100 - Pass, Comparing stored Validations with the actual ones: , Validation Please enter a valid email address. MATCHES WITH Please enter a valid email address.
2020-01-15 15:25:53 INFO  Reporting:100 - Pass, Get all validations on great decision step., All validations successfully matched on GreatDEcision Step
2020-01-15 15:25:53 WARN  Browser:331 - The current browser could not be closed due to invalid session id
Build info: version: '3.4.0', revision: 'unknown', time: 'unknown'
System info: host: 'Ravneets-MacBook-Pro.local', ip: 'fe80:0:0:0:1ced:b522:8a9e:b035%en0', os.name: 'Mac OS X', os.arch: 'x86_64', os.version: '10.15', java.version: '1.8.0_222'
Driver info: org.openqa.selenium.chrome.ChromeDriver
Capabilities [{networkConnectionEnabled=false, chrome={chromedriverVersion=78.0.3904.105 (60e2d8774a8151efa6a00b1f358371b1e0e07ee2-refs/branch-heads/3904@{#877}), userDataDir=/var/folders/jm/343wqhm91bq0703d0xwzjqdh0000gn/T/.com.google.Chrome.TTEwBm}, timeouts={implicit=0.0, pageLoad=300000.0, script=30000.0}, pageLoadStrategy=normal, unhandledPromptBehavior=dismiss and notify, strictFileInteractability=false, platform=ANY, proxy=Proxy(), goog:chromeOptions={debuggerAddress=localhost:65144}, acceptInsecureCerts=false, browserVersion=79.0.3945.117, browserName=chrome, javascriptEnabled=true, platformName=mac os x, setWindowRect=true}]
Session ID: e17743a49e694c96e9cf47dbe2804746
